<?xml version="1.0" encoding="UTF-8"?>
<!-- Generated by org.testng.reporters.JUnitXMLReporter -->
<testsuite ignored="1" hostname="LAPTOP-OJQTIBJS" failures="0" tests="4" name="car Loan" time="0.021" errors="0" timestamp="2024-10-21T18:57:06 IST">
  <testcase classname="MobileTest" name="animals" time="0.002"/>
  <testcase classname="MobileTest" name="animals" time="0.001"/>
  <testcase classname="MobileTest" name="animals" time="0.001"/>
  <testcase classname="MobileTest" name="mob" time="0.001"/>
  <testcase classname="MobileTest" name="API" time="0.0">
    <ignored/>
  </testcase> <!-- API -->
</testsuite> <!-- car Loan -->
