<?xml version="1.0" encoding="UTF-8"?>
<testng-results ignored="0" total="2" passed="2" failed="0" skipped="0">
  <reporter-output>
  </reporter-output>
  <suite started-at="2024-10-22T03:24:31 IST" name="Default suite" finished-at="2024-10-22T03:24:31 IST" duration-ms="43">
    <groups>
    </groups>
    <test started-at="2024-10-22T03:24:31 IST" name="Default test" finished-at="2024-10-22T03:24:31 IST" duration-ms="43">
      <class name="newpck.Prct">
        <test-method signature="test()[pri:0, instance:newpck.Prct@770d3326]" started-at="2024-10-22T03:24:31 IST" name="test" finished-at="2024-10-22T03:24:31 IST" duration-ms="9" status="PASS">
          <reporter-output>
          </reporter-output>
        </test-method> <!-- test -->
        <test-method signature="testRun()[pri:0, instance:newpck.Prct@770d3326]" started-at="2024-10-22T03:24:31 IST" name="testRun" finished-at="2024-10-22T03:24:31 IST" duration-ms="1" status="PASS">
          <reporter-output>
          </reporter-output>
        </test-method> <!-- testRun -->
      </class> <!-- newpck.Prct -->
    </test> <!-- Default test -->
  </suite> <!-- Default suite -->
</testng-results>
